{"/Users/macbook/Sreelesh/Self-Learn/Food-Order/src/components/Offers.js": {"path":"/Users/macbook/Sreelesh/Self-Learn/Food-Order/src/components/Offers.js","statementMap":{"0":{"start":{"line":1,"column":15},"end":{"line":17,"column":1}},"1":{"start":{"line":2,"column":2},"end":{"line":16,"column":4}}},"fnMap":{"0":{"name":"(anonymous_0)","decl":{"start":{"line":1,"column":15},"end":{"line":1,"column":16}},"loc":{"start":{"line":1,"column":21},"end":{"line":17,"column":1}},"line":1}},"branchMap":{},"s":{"0":1,"1":2},"f":{"0":2},"b":{},"_coverageSchema":"1a1c01bbd47fc00a2c39e90264f33305004495a9","hash":"adc1e86488731f6437615d50c39e51e28e7ee798"}
,"/Users/macbook/Sreelesh/Self-Learn/Food-Order/src/components/sum.js": {"path":"/Users/macbook/Sreelesh/Self-Learn/Food-Order/src/components/sum.js","statementMap":{"0":{"start":{"line":1,"column":19},"end":{"line":3,"column":1}},"1":{"start":{"line":2,"column":2},"end":{"line":2,"column":15}}},"fnMap":{"0":{"name":"(anonymous_0)","decl":{"start":{"line":1,"column":19},"end":{"line":1,"column":20}},"loc":{"start":{"line":1,"column":29},"end":{"line":3,"column":1}},"line":1}},"branchMap":{},"s":{"0":1,"1":1},"f":{"0":1},"b":{},"_coverageSchema":"1a1c01bbd47fc00a2c39e90264f33305004495a9","hash":"98d1d0c98d9267bb09617416ca5f9e980d17b7d1"}
}
