{"/Users/macbook/Sreelesh/Self-Learn/Food-Order/src/components/Header.js": {"path":"/Users/macbook/Sreelesh/Self-Learn/Food-Order/src/components/Header.js","statementMap":{"0":{"start":{"line":22,"column":15},"end":{"line":144,"column":1}},"1":{"start":{"line":23,"column":38},"end":{"line":23,"column":71}},"2":{"start":{"line":24,"column":36},"end":{"line":24,"column":55}},"3":{"start":{"line":25,"column":49},"end":{"line":25,"column":64}},"4":{"start":{"line":26,"column":39},"end":{"line":26,"column":72}},"5":{"start":{"line":32,"column":20},"end":{"line":32,"column":60}},"6":{"start":{"line":32,"column":43},"end":{"line":32,"column":59}},"7":{"start":{"line":35,"column":25},"end":{"line":37,"column":3}},"8":{"start":{"line":36,"column":4},"end":{"line":36,"column":26}},"9":{"start":{"line":39,"column":2},"end":{"line":143,"column":4}},"10":{"start":{"line":51,"column":16},"end":{"line":51,"column":47}},"11":{"start":{"line":106,"column":16},"end":{"line":108,"column":44}}},"fnMap":{"0":{"name":"(anonymous_0)","decl":{"start":{"line":22,"column":15},"end":{"line":22,"column":16}},"loc":{"start":{"line":22,"column":21},"end":{"line":144,"column":1}},"line":22},"1":{"name":"(anonymous_1)","decl":{"start":{"line":32,"column":32},"end":{"line":32,"column":33}},"loc":{"start":{"line":32,"column":43},"end":{"line":32,"column":59}},"line":32},"2":{"name":"(anonymous_2)","decl":{"start":{"line":35,"column":25},"end":{"line":35,"column":26}},"loc":{"start":{"line":35,"column":31},"end":{"line":37,"column":3}},"line":35},"3":{"name":"(anonymous_3)","decl":{"start":{"line":50,"column":23},"end":{"line":50,"column":24}},"loc":{"start":{"line":50,"column":29},"end":{"line":52,"column":15}},"line":50},"4":{"name":"(anonymous_4)","decl":{"start":{"line":105,"column":23},"end":{"line":105,"column":24}},"loc":{"start":{"line":105,"column":29},"end":{"line":109,"column":15}},"line":105}},"branchMap":{"0":{"loc":{"start":{"line":106,"column":16},"end":{"line":108,"column":43}},"type":"cond-expr","locations":[{"start":{"line":107,"column":20},"end":{"line":107,"column":44}},{"start":{"line":108,"column":20},"end":{"line":108,"column":43}}],"line":106},"1":{"loc":{"start":{"line":119,"column":17},"end":{"line":127,"column":17}},"type":"cond-expr","locations":[{"start":{"line":120,"column":18},"end":{"line":122,"column":24}},{"start":{"line":124,"column":18},"end":{"line":126,"column":24}}],"line":119},"2":{"loc":{"start":{"line":129,"column":17},"end":{"line":133,"column":17}},"type":"binary-expr","locations":[{"start":{"line":129,"column":17},"end":{"line":129,"column":38}},{"start":{"line":130,"column":18},"end":{"line":132,"column":24}}],"line":129}},"s":{"0":1,"1":6,"2":5,"3":5,"4":5,"5":5,"6":9,"7":5,"8":0,"9":5,"10":0,"11":1},"f":{"0":6,"1":9,"2":0,"3":0,"4":1},"b":{"0":[1,0],"1":[0,5],"2":[5,0]},"_coverageSchema":"1a1c01bbd47fc00a2c39e90264f33305004495a9","hash":"d8cc1276a714643107c74c0a3585b9d1144c043b"}
,"/Users/macbook/Sreelesh/Self-Learn/Food-Order/src/components/MobMenu.js": {"path":"/Users/macbook/Sreelesh/Self-Learn/Food-Order/src/components/MobMenu.js","statementMap":{"0":{"start":{"line":8,"column":16},"end":{"line":82,"column":1}},"1":{"start":{"line":9,"column":20},"end":{"line":9,"column":60}},"2":{"start":{"line":9,"column":43},"end":{"line":9,"column":59}},"3":{"start":{"line":10,"column":25},"end":{"line":12,"column":3}},"4":{"start":{"line":11,"column":4},"end":{"line":11,"column":26}},"5":{"start":{"line":13,"column":2},"end":{"line":81,"column":4}}},"fnMap":{"0":{"name":"(anonymous_0)","decl":{"start":{"line":8,"column":16},"end":{"line":8,"column":17}},"loc":{"start":{"line":8,"column":22},"end":{"line":82,"column":1}},"line":8},"1":{"name":"(anonymous_1)","decl":{"start":{"line":9,"column":32},"end":{"line":9,"column":33}},"loc":{"start":{"line":9,"column":43},"end":{"line":9,"column":59}},"line":9},"2":{"name":"(anonymous_2)","decl":{"start":{"line":10,"column":25},"end":{"line":10,"column":26}},"loc":{"start":{"line":10,"column":31},"end":{"line":12,"column":3}},"line":10}},"branchMap":{"0":{"loc":{"start":{"line":49,"column":15},"end":{"line":57,"column":15}},"type":"cond-expr","locations":[{"start":{"line":50,"column":16},"end":{"line":52,"column":22}},{"start":{"line":54,"column":16},"end":{"line":56,"column":22}}],"line":49},"1":{"loc":{"start":{"line":59,"column":15},"end":{"line":63,"column":15}},"type":"binary-expr","locations":[{"start":{"line":59,"column":15},"end":{"line":59,"column":36}},{"start":{"line":60,"column":16},"end":{"line":62,"column":22}}],"line":59}},"s":{"0":1,"1":5,"2":9,"3":5,"4":0,"5":5},"f":{"0":5,"1":9,"2":0},"b":{"0":[0,5],"1":[5,0]},"_coverageSchema":"1a1c01bbd47fc00a2c39e90264f33305004495a9","hash":"6e560f22123caad2bb6941340aa9a67043503c38"}
,"/Users/macbook/Sreelesh/Self-Learn/Food-Order/src/components/Ratingicon.js": {"path":"/Users/macbook/Sreelesh/Self-Learn/Food-Order/src/components/Ratingicon.js","statementMap":{"0":{"start":{"line":1,"column":26},"end":{"line":40,"column":1}},"1":{"start":{"line":2,"column":2},"end":{"line":39,"column":4}}},"fnMap":{"0":{"name":"(anonymous_0)","decl":{"start":{"line":1,"column":26},"end":{"line":1,"column":27}},"loc":{"start":{"line":1,"column":32},"end":{"line":40,"column":1}},"line":1}},"branchMap":{},"s":{"0":1,"1":2},"f":{"0":2},"b":{},"_coverageSchema":"1a1c01bbd47fc00a2c39e90264f33305004495a9","hash":"1d8b2b55b2374f6bb24bd8a46cb26373678aaa75"}
,"/Users/macbook/Sreelesh/Self-Learn/Food-Order/src/components/RestaurantCard.js": {"path":"/Users/macbook/Sreelesh/Self-Learn/Food-Order/src/components/RestaurantCard.js","statementMap":{"0":{"start":{"line":7,"column":23},"end":{"line":51,"column":1}},"1":{"start":{"line":8,"column":28},"end":{"line":8,"column":31}},"2":{"start":{"line":10,"column":23},"end":{"line":10,"column":26}},"3":{"start":{"line":11,"column":64},"end":{"line":11,"column":78}},"4":{"start":{"line":18,"column":2},"end":{"line":50,"column":4}},"5":{"start":{"line":53,"column":29},"end":{"line":68,"column":1}},"6":{"start":{"line":54,"column":2},"end":{"line":67,"column":4}},"7":{"start":{"line":55,"column":39},"end":{"line":55,"column":44}},"8":{"start":{"line":56,"column":26},"end":{"line":56,"column":30}},"9":{"start":{"line":57,"column":4},"end":{"line":66,"column":6}}},"fnMap":{"0":{"name":"(anonymous_0)","decl":{"start":{"line":7,"column":23},"end":{"line":7,"column":24}},"loc":{"start":{"line":7,"column":32},"end":{"line":51,"column":1}},"line":7},"1":{"name":"(anonymous_1)","decl":{"start":{"line":53,"column":29},"end":{"line":53,"column":30}},"loc":{"start":{"line":53,"column":49},"end":{"line":68,"column":1}},"line":53},"2":{"name":"(anonymous_2)","decl":{"start":{"line":54,"column":9},"end":{"line":54,"column":10}},"loc":{"start":{"line":54,"column":20},"end":{"line":67,"column":3}},"line":54}},"branchMap":{"0":{"loc":{"start":{"line":27,"column":11},"end":{"line":29,"column":11}},"type":"binary-expr","locations":[{"start":{"line":27,"column":11},"end":{"line":27,"column":24}},{"start":{"line":28,"column":12},"end":{"line":28,"column":123}}],"line":27},"1":{"loc":{"start":{"line":60,"column":9},"end":{"line":64,"column":9}},"type":"binary-expr","locations":[{"start":{"line":60,"column":9},"end":{"line":60,"column":21}},{"start":{"line":61,"column":10},"end":{"line":63,"column":16}}],"line":60}},"s":{"0":1,"1":2,"2":1,"3":1,"4":1,"5":1,"6":2,"7":0,"8":0,"9":0},"f":{"0":2,"1":2,"2":0},"b":{"0":[1,0],"1":[0,0]},"_coverageSchema":"1a1c01bbd47fc00a2c39e90264f33305004495a9","hash":"c83b50555a2f9a6ac8c933394ec5865142527d9b"}
,"/Users/macbook/Sreelesh/Self-Learn/Food-Order/src/components/SelectLocation.js": {"path":"/Users/macbook/Sreelesh/Self-Learn/Food-Order/src/components/SelectLocation.js","statementMap":{"0":{"start":{"line":3,"column":23},"end":{"line":62,"column":1}},"1":{"start":{"line":5,"column":4},"end":{"line":5,"column":9}},"2":{"start":{"line":7,"column":2},"end":{"line":61,"column":4}},"3":{"start":{"line":19,"column":22},"end":{"line":19,"column":54}},"4":{"start":{"line":28,"column":20},"end":{"line":28,"column":56}},"5":{"start":{"line":29,"column":20},"end":{"line":29,"column":52}},"6":{"start":{"line":38,"column":20},"end":{"line":38,"column":56}},"7":{"start":{"line":39,"column":20},"end":{"line":39,"column":52}},"8":{"start":{"line":48,"column":20},"end":{"line":48,"column":56}},"9":{"start":{"line":49,"column":20},"end":{"line":49,"column":52}}},"fnMap":{"0":{"name":"(anonymous_0)","decl":{"start":{"line":3,"column":23},"end":{"line":3,"column":24}},"loc":{"start":{"line":3,"column":34},"end":{"line":62,"column":1}},"line":3},"1":{"name":"(anonymous_1)","decl":{"start":{"line":18,"column":29},"end":{"line":18,"column":30}},"loc":{"start":{"line":18,"column":35},"end":{"line":20,"column":21}},"line":18},"2":{"name":"(anonymous_2)","decl":{"start":{"line":27,"column":27},"end":{"line":27,"column":28}},"loc":{"start":{"line":27,"column":34},"end":{"line":30,"column":19}},"line":27},"3":{"name":"(anonymous_3)","decl":{"start":{"line":37,"column":27},"end":{"line":37,"column":28}},"loc":{"start":{"line":37,"column":34},"end":{"line":40,"column":19}},"line":37},"4":{"name":"(anonymous_4)","decl":{"start":{"line":47,"column":27},"end":{"line":47,"column":28}},"loc":{"start":{"line":47,"column":34},"end":{"line":50,"column":19}},"line":47}},"branchMap":{"0":{"loc":{"start":{"line":9,"column":7},"end":{"line":59,"column":7}},"type":"binary-expr","locations":[{"start":{"line":9,"column":7},"end":{"line":9,"column":36}},{"start":{"line":10,"column":8},"end":{"line":58,"column":11}}],"line":9}},"s":{"0":1,"1":0,"2":0,"3":0,"4":0,"5":0,"6":0,"7":0,"8":0,"9":0},"f":{"0":0,"1":0,"2":0,"3":0,"4":0},"b":{"0":[0,0]},"_coverageSchema":"1a1c01bbd47fc00a2c39e90264f33305004495a9","hash":"cdaf449a11317770fbf45088c30cb8e1a083981b"}
,"/Users/macbook/Sreelesh/Self-Learn/Food-Order/src/components/ShimmerCard.js": {"path":"/Users/macbook/Sreelesh/Self-Learn/Food-Order/src/components/ShimmerCard.js","statementMap":{"0":{"start":{"line":1,"column":20},"end":{"line":46,"column":1}},"1":{"start":{"line":2,"column":2},"end":{"line":45,"column":4}},"2":{"start":{"line":48,"column":38},"end":{"line":61,"column":1}},"3":{"start":{"line":49,"column":2},"end":{"line":60,"column":4}}},"fnMap":{"0":{"name":"(anonymous_0)","decl":{"start":{"line":1,"column":20},"end":{"line":1,"column":21}},"loc":{"start":{"line":1,"column":26},"end":{"line":46,"column":1}},"line":1},"1":{"name":"(anonymous_1)","decl":{"start":{"line":48,"column":38},"end":{"line":48,"column":39}},"loc":{"start":{"line":48,"column":44},"end":{"line":61,"column":1}},"line":48}},"branchMap":{},"s":{"0":1,"1":0,"2":1,"3":0},"f":{"0":0,"1":0},"b":{},"_coverageSchema":"1a1c01bbd47fc00a2c39e90264f33305004495a9","hash":"75f63a37e81cb6966aef3a1d8716b7216bbbe92a"}
,"/Users/macbook/Sreelesh/Self-Learn/Food-Order/src/components/mocks/restCardMock.js": {"path":"/Users/macbook/Sreelesh/Self-Learn/Food-Order/src/components/mocks/restCardMock.js","statementMap":{"0":{"start":{"line":1,"column":0},"end":{"line":73,"column":2}}},"fnMap":{},"branchMap":{},"s":{"0":1},"f":{},"b":{},"_coverageSchema":"1a1c01bbd47fc00a2c39e90264f33305004495a9","hash":"896290963ffe158901b1efd84dcc6df0cd5f09de"}
,"/Users/macbook/Sreelesh/Self-Learn/Food-Order/src/utils/LocationContext.js": {"path":"/Users/macbook/Sreelesh/Self-Learn/Food-Order/src/utils/LocationContext.js","statementMap":{"0":{"start":{"line":3,"column":24},"end":{"line":12,"column":2}},"1":{"start":{"line":14,"column":37},"end":{"line":16,"column":2}}},"fnMap":{},"branchMap":{},"s":{"0":1,"1":1},"f":{},"b":{},"_coverageSchema":"1a1c01bbd47fc00a2c39e90264f33305004495a9","hash":"c8e18fc22db757b4fd2885c775aa2978fcdaea2a"}
,"/Users/macbook/Sreelesh/Self-Learn/Food-Order/src/utils/appStore.js": {"path":"/Users/macbook/Sreelesh/Self-Learn/Food-Order/src/utils/appStore.js","statementMap":{"0":{"start":{"line":4,"column":17},"end":{"line":8,"column":2}}},"fnMap":{},"branchMap":{},"s":{"0":2},"f":{},"b":{},"_coverageSchema":"1a1c01bbd47fc00a2c39e90264f33305004495a9","hash":"6e8571d6db203dc014854ceff8edf6e646e3f76c"}
,"/Users/macbook/Sreelesh/Self-Learn/Food-Order/src/utils/cartSlice.js": {"path":"/Users/macbook/Sreelesh/Self-Learn/Food-Order/src/utils/cartSlice.js","statementMap":{"0":{"start":{"line":3,"column":18},"end":{"line":44,"column":2}},"1":{"start":{"line":10,"column":22},"end":{"line":10,"column":36}},"2":{"start":{"line":11,"column":32},"end":{"line":13,"column":7}},"3":{"start":{"line":12,"column":18},"end":{"line":12,"column":40}},"4":{"start":{"line":14,"column":6},"end":{"line":21,"column":7}},"5":{"start":{"line":15,"column":8},"end":{"line":15,"column":50}},"6":{"start":{"line":17,"column":8},"end":{"line":20,"column":11}},"7":{"start":{"line":26,"column":25},"end":{"line":26,"column":39}},"8":{"start":{"line":27,"column":32},"end":{"line":29,"column":7}},"9":{"start":{"line":28,"column":18},"end":{"line":28,"column":43}},"10":{"start":{"line":31,"column":6},"end":{"line":37,"column":7}},"11":{"start":{"line":32,"column":8},"end":{"line":36,"column":9}},"12":{"start":{"line":33,"column":10},"end":{"line":33,"column":52}},"13":{"start":{"line":35,"column":10},"end":{"line":35,"column":51}},"14":{"start":{"line":41,"column":6},"end":{"line":41,"column":29}},"15":{"start":{"line":46,"column":50},"end":{"line":46,"column":67}}},"fnMap":{"0":{"name":"(anonymous_0)","decl":{"start":{"line":9,"column":13},"end":{"line":9,"column":14}},"loc":{"start":{"line":9,"column":32},"end":{"line":24,"column":5}},"line":9},"1":{"name":"(anonymous_1)","decl":{"start":{"line":12,"column":8},"end":{"line":12,"column":9}},"loc":{"start":{"line":12,"column":18},"end":{"line":12,"column":40}},"line":12},"2":{"name":"(anonymous_2)","decl":{"start":{"line":25,"column":16},"end":{"line":25,"column":17}},"loc":{"start":{"line":25,"column":35},"end":{"line":39,"column":5}},"line":25},"3":{"name":"(anonymous_3)","decl":{"start":{"line":28,"column":8},"end":{"line":28,"column":9}},"loc":{"start":{"line":28,"column":18},"end":{"line":28,"column":43}},"line":28},"4":{"name":"(anonymous_4)","decl":{"start":{"line":40,"column":15},"end":{"line":40,"column":16}},"loc":{"start":{"line":40,"column":26},"end":{"line":42,"column":5}},"line":40}},"branchMap":{"0":{"loc":{"start":{"line":14,"column":6},"end":{"line":21,"column":7}},"type":"if","locations":[{"start":{"line":14,"column":6},"end":{"line":21,"column":7}},{"start":{"line":16,"column":13},"end":{"line":21,"column":7}}],"line":14},"1":{"loc":{"start":{"line":31,"column":6},"end":{"line":37,"column":7}},"type":"if","locations":[{"start":{"line":31,"column":6},"end":{"line":37,"column":7}},{"start":{},"end":{}}],"line":31},"2":{"loc":{"start":{"line":32,"column":8},"end":{"line":36,"column":9}},"type":"if","locations":[{"start":{"line":32,"column":8},"end":{"line":36,"column":9}},{"start":{"line":34,"column":15},"end":{"line":36,"column":9}}],"line":32}},"s":{"0":2,"1":0,"2":0,"3":0,"4":0,"5":0,"6":0,"7":0,"8":0,"9":0,"10":0,"11":0,"12":0,"13":0,"14":0,"15":2},"f":{"0":0,"1":0,"2":0,"3":0,"4":0},"b":{"0":[0,0],"1":[0,0],"2":[0,0]},"_coverageSchema":"1a1c01bbd47fc00a2c39e90264f33305004495a9","hash":"6198ead7d4428a993e8dc1daf159662b5f333b07"}
,"/Users/macbook/Sreelesh/Self-Learn/Food-Order/src/utils/constants.js": {"path":"/Users/macbook/Sreelesh/Self-Learn/Food-Order/src/utils/constants.js","statementMap":{"0":{"start":{"line":1,"column":0},"end":{"line":48,"column":2}}},"fnMap":{},"branchMap":{},"s":{"0":1},"f":{},"b":{},"_coverageSchema":"1a1c01bbd47fc00a2c39e90264f33305004495a9","hash":"0c9462ae66b95f53cf219dc10310dd98b4f74adf"}
,"/Users/macbook/Sreelesh/Self-Learn/Food-Order/src/utils/imageConstants.js": {"path":"/Users/macbook/Sreelesh/Self-Learn/Food-Order/src/utils/imageConstants.js","statementMap":{"0":{"start":{"line":1,"column":0},"end":{"line":4,"column":2}}},"fnMap":{},"branchMap":{},"s":{"0":1},"f":{},"b":{},"_coverageSchema":"1a1c01bbd47fc00a2c39e90264f33305004495a9","hash":"cd1bc37e4f407de2a6754174049cbc8e39492a4d"}
,"/Users/macbook/Sreelesh/Self-Learn/Food-Order/src/utils/icons/Arrow.js": {"path":"/Users/macbook/Sreelesh/Self-Learn/Food-Order/src/utils/icons/Arrow.js","statementMap":{"0":{"start":{"line":1,"column":25},"end":{"line":18,"column":1}},"1":{"start":{"line":2,"column":2},"end":{"line":17,"column":4}},"2":{"start":{"line":20,"column":26},"end":{"line":35,"column":1}},"3":{"start":{"line":21,"column":2},"end":{"line":34,"column":4}},"4":{"start":{"line":37,"column":21},"end":{"line":49,"column":1}},"5":{"start":{"line":38,"column":2},"end":{"line":48,"column":4}},"6":{"start":{"line":51,"column":27},"end":{"line":73,"column":1}},"7":{"start":{"line":52,"column":2},"end":{"line":72,"column":4}},"8":{"start":{"line":75,"column":24},"end":{"line":87,"column":1}},"9":{"start":{"line":76,"column":2},"end":{"line":86,"column":4}},"10":{"start":{"line":89,"column":27},"end":{"line":101,"column":1}},"11":{"start":{"line":90,"column":2},"end":{"line":100,"column":4}},"12":{"start":{"line":103,"column":24},"end":{"line":120,"column":1}},"13":{"start":{"line":104,"column":2},"end":{"line":119,"column":4}}},"fnMap":{"0":{"name":"(anonymous_0)","decl":{"start":{"line":1,"column":25},"end":{"line":1,"column":26}},"loc":{"start":{"line":1,"column":31},"end":{"line":18,"column":1}},"line":1},"1":{"name":"(anonymous_1)","decl":{"start":{"line":20,"column":26},"end":{"line":20,"column":27}},"loc":{"start":{"line":20,"column":32},"end":{"line":35,"column":1}},"line":20},"2":{"name":"(anonymous_2)","decl":{"start":{"line":37,"column":21},"end":{"line":37,"column":22}},"loc":{"start":{"line":37,"column":27},"end":{"line":49,"column":1}},"line":37},"3":{"name":"(anonymous_3)","decl":{"start":{"line":51,"column":27},"end":{"line":51,"column":28}},"loc":{"start":{"line":51,"column":33},"end":{"line":73,"column":1}},"line":51},"4":{"name":"(anonymous_4)","decl":{"start":{"line":75,"column":24},"end":{"line":75,"column":25}},"loc":{"start":{"line":75,"column":30},"end":{"line":87,"column":1}},"line":75},"5":{"name":"(anonymous_5)","decl":{"start":{"line":89,"column":27},"end":{"line":89,"column":28}},"loc":{"start":{"line":89,"column":33},"end":{"line":101,"column":1}},"line":89},"6":{"name":"(anonymous_6)","decl":{"start":{"line":103,"column":24},"end":{"line":103,"column":25}},"loc":{"start":{"line":103,"column":30},"end":{"line":120,"column":1}},"line":103}},"branchMap":{},"s":{"0":1,"1":0,"2":1,"3":0,"4":1,"5":5,"6":1,"7":6,"8":1,"9":5,"10":1,"11":5,"12":1,"13":11},"f":{"0":0,"1":0,"2":5,"3":6,"4":5,"5":5,"6":11},"b":{},"_coverageSchema":"1a1c01bbd47fc00a2c39e90264f33305004495a9","hash":"706ed8fadf76e39a287d11e0a3489602460997de"}
}
