TN:
SF:src/components/Header.js
FN:22,(anonymous_0)
FN:32,(anonymous_1)
FN:35,(anonymous_2)
FN:50,(anonymous_3)
FN:105,(anonymous_4)
FNF:5
FNH:3
FNDA:6,(anonymous_0)
FNDA:9,(anonymous_1)
FNDA:0,(anonymous_2)
FNDA:0,(anonymous_3)
FNDA:1,(anonymous_4)
DA:22,1
DA:23,6
DA:24,5
DA:25,5
DA:26,5
DA:32,9
DA:35,5
DA:36,0
DA:39,5
DA:51,0
DA:106,1
LF:11
LH:9
BRDA:106,0,0,1
BRDA:106,0,1,0
BRDA:119,1,0,0
BRDA:119,1,1,5
BRDA:129,2,0,5
BRDA:129,2,1,0
BRF:6
BRH:3
end_of_record
TN:
SF:src/components/MobMenu.js
FN:8,(anonymous_0)
FN:9,(anonymous_1)
FN:10,(anonymous_2)
FNF:3
FNH:2
FNDA:5,(anonymous_0)
FNDA:9,(anonymous_1)
FNDA:0,(anonymous_2)
DA:8,1
DA:9,9
DA:10,5
DA:11,0
DA:13,5
LF:5
LH:4
BRDA:49,0,0,0
BRDA:49,0,1,5
BRDA:59,1,0,5
BRDA:59,1,1,0
BRF:4
BRH:2
end_of_record
TN:
SF:src/components/Ratingicon.js
FN:1,(anonymous_0)
FNF:1
FNH:1
FNDA:2,(anonymous_0)
DA:1,1
DA:2,2
LF:2
LH:2
BRF:0
BRH:0
end_of_record
TN:
SF:src/components/RestaurantCard.js
FN:7,(anonymous_0)
FN:53,(anonymous_1)
FN:54,(anonymous_2)
FNF:3
FNH:2
FNDA:2,(anonymous_0)
FNDA:2,(anonymous_1)
FNDA:0,(anonymous_2)
DA:7,1
DA:8,2
DA:10,1
DA:11,1
DA:18,1
DA:53,1
DA:54,2
DA:55,0
DA:56,0
DA:57,0
LF:10
LH:7
BRDA:27,0,0,1
BRDA:27,0,1,0
BRDA:60,1,0,0
BRDA:60,1,1,0
BRF:4
BRH:1
end_of_record
TN:
SF:src/components/SelectLocation.js
FN:3,(anonymous_0)
FN:18,(anonymous_1)
FN:27,(anonymous_2)
FN:37,(anonymous_3)
FN:47,(anonymous_4)
FNF:5
FNH:0
FNDA:0,(anonymous_0)
FNDA:0,(anonymous_1)
FNDA:0,(anonymous_2)
FNDA:0,(anonymous_3)
FNDA:0,(anonymous_4)
DA:3,1
DA:5,0
DA:7,0
DA:19,0
DA:28,0
DA:29,0
DA:38,0
DA:39,0
DA:48,0
DA:49,0
LF:10
LH:1
BRDA:9,0,0,0
BRDA:9,0,1,0
BRF:2
BRH:0
end_of_record
TN:
SF:src/components/ShimmerCard.js
FN:1,(anonymous_0)
FN:48,(anonymous_1)
FNF:2
FNH:0
FNDA:0,(anonymous_0)
FNDA:0,(anonymous_1)
DA:1,1
DA:2,0
DA:48,1
DA:49,0
LF:4
LH:2
BRF:0
BRH:0
end_of_record
TN:
SF:src/components/mocks/restCardMock.js
FNF:0
FNH:0
DA:1,1
LF:1
LH:1
BRF:0
BRH:0
end_of_record
TN:
SF:src/utils/LocationContext.js
FNF:0
FNH:0
DA:3,1
DA:14,1
LF:2
LH:2
BRF:0
BRH:0
end_of_record
TN:
SF:src/utils/appStore.js
FNF:0
FNH:0
DA:4,2
LF:1
LH:1
BRF:0
BRH:0
end_of_record
TN:
SF:src/utils/cartSlice.js
FN:9,(anonymous_0)
FN:12,(anonymous_1)
FN:25,(anonymous_2)
FN:28,(anonymous_3)
FN:40,(anonymous_4)
FNF:5
FNH:0
FNDA:0,(anonymous_0)
FNDA:0,(anonymous_1)
FNDA:0,(anonymous_2)
FNDA:0,(anonymous_3)
FNDA:0,(anonymous_4)
DA:3,2
DA:10,0
DA:11,0
DA:12,0
DA:14,0
DA:15,0
DA:17,0
DA:26,0
DA:27,0
DA:28,0
DA:31,0
DA:32,0
DA:33,0
DA:35,0
DA:41,0
DA:46,2
LF:16
LH:2
BRDA:14,0,0,0
BRDA:14,0,1,0
BRDA:31,1,0,0
BRDA:31,1,1,0
BRDA:32,2,0,0
BRDA:32,2,1,0
BRF:6
BRH:0
end_of_record
TN:
SF:src/utils/constants.js
FNF:0
FNH:0
DA:1,1
LF:1
LH:1
BRF:0
BRH:0
end_of_record
TN:
SF:src/utils/imageConstants.js
FNF:0
FNH:0
DA:1,1
LF:1
LH:1
BRF:0
BRH:0
end_of_record
TN:
SF:src/utils/icons/Arrow.js
FN:1,(anonymous_0)
FN:20,(anonymous_1)
FN:37,(anonymous_2)
FN:51,(anonymous_3)
FN:75,(anonymous_4)
FN:89,(anonymous_5)
FN:103,(anonymous_6)
FNF:7
FNH:5
FNDA:0,(anonymous_0)
FNDA:0,(anonymous_1)
FNDA:5,(anonymous_2)
FNDA:6,(anonymous_3)
FNDA:5,(anonymous_4)
FNDA:5,(anonymous_5)
FNDA:11,(anonymous_6)
DA:1,1
DA:2,0
DA:20,1
DA:21,0
DA:37,1
DA:38,5
DA:51,1
DA:52,6
DA:75,1
DA:76,5
DA:89,1
DA:90,5
DA:103,1
DA:104,11
LF:14
LH:12
BRF:0
BRH:0
end_of_record
